{"backbone.backroutes.js":{"path":"backbone.backroutes.js","s":{"1":1,"2":1,"3":3,"4":3,"5":1,"6":3,"7":3,"8":1,"9":3,"10":3,"11":3,"12":3,"13":0,"14":3,"15":4,"16":4,"17":8,"18":8,"19":4,"20":4,"21":4,"22":4,"23":4,"24":0,"25":0,"26":0,"27":0,"28":0,"29":0,"30":0,"31":0,"32":0,"33":0,"34":0},"b":{"1":[1,2],"2":[3,2],"3":[3,0],"4":[3,2],"5":[0,8],"6":[4,0],"7":[0,0],"8":[0,0],"9":[0,0],"10":[0,0],"11":[0,0],"12":[0,0],"13":[0,1],"14":[0,1]},"f":{"1":1,"2":3,"3":3,"4":4,"5":8,"6":0},"fnMap":{"1":{"name":"(anonymous_1)","line":8,"loc":{"start":{"line":8,"column":1},"end":{"line":8,"column":23}}},"2":{"name":"(anonymous_2)","line":10,"loc":{"start":{"line":10,"column":21},"end":{"line":10,"column":41}}},"3":{"name":"(anonymous_3)","line":24,"loc":{"start":{"line":24,"column":11},"end":{"line":24,"column":39}}},"4":{"name":"(anonymous_4)","line":36,"loc":{"start":{"line":36,"column":10},"end":{"line":36,"column":21}}},"5":{"name":"(anonymous_5)","line":42,"loc":{"start":{"line":42,"column":27},"end":{"line":42,"column":45}}},"6":{"name":"(anonymous_6)","line":65,"loc":{"start":{"line":65,"column":25},"end":{"line":65,"column":67}}}},"statementMap":{"1":{"start":{"line":8,"column":0},"end":{"line":93,"column":91}},"2":{"start":{"line":10,"column":0},"end":{"line":20,"column":2}},"3":{"start":{"line":11,"column":1},"end":{"line":11,"column":60}},"4":{"start":{"line":14,"column":1},"end":{"line":16,"column":2}},"5":{"start":{"line":15,"column":2},"end":{"line":15,"column":57}},"6":{"start":{"line":18,"column":1},"end":{"line":18,"column":67}},"7":{"start":{"line":19,"column":1},"end":{"line":19,"column":68}},"8":{"start":{"line":22,"column":0},"end":{"line":91,"column":3}},"9":{"start":{"line":25,"column":2},"end":{"line":25,"column":47}},"10":{"start":{"line":26,"column":2},"end":{"line":26,"column":33}},"11":{"start":{"line":27,"column":2},"end":{"line":31,"column":3}},"12":{"start":{"line":28,"column":3},"end":{"line":28,"column":29}},"13":{"start":{"line":30,"column":3},"end":{"line":30,"column":70}},"14":{"start":{"line":32,"column":2},"end":{"line":32,"column":14}},"15":{"start":{"line":37,"column":2},"end":{"line":40,"column":41}},"16":{"start":{"line":42,"column":2},"end":{"line":45,"column":5}},"17":{"start":{"line":43,"column":3},"end":{"line":43,"column":83}},"18":{"start":{"line":44,"column":3},"end":{"line":44,"column":31}},"19":{"start":{"line":47,"column":2},"end":{"line":50,"column":3}},"20":{"start":{"line":48,"column":3},"end":{"line":48,"column":55}},"21":{"start":{"line":49,"column":3},"end":{"line":49,"column":22}},"22":{"start":{"line":52,"column":2},"end":{"line":56,"column":5}},"23":{"start":{"line":58,"column":2},"end":{"line":62,"column":4}},"24":{"start":{"line":67,"column":2},"end":{"line":67,"column":61}},"25":{"start":{"line":69,"column":2},"end":{"line":69,"column":69}},"26":{"start":{"line":71,"column":2},"end":{"line":74,"column":3}},"27":{"start":{"line":72,"column":3},"end":{"line":72,"column":59}},"28":{"start":{"line":73,"column":3},"end":{"line":73,"column":79}},"29":{"start":{"line":76,"column":2},"end":{"line":79,"column":3}},"30":{"start":{"line":77,"column":3},"end":{"line":77,"column":18}},"31":{"start":{"line":78,"column":3},"end":{"line":78,"column":10}},"32":{"start":{"line":81,"column":2},"end":{"line":81,"column":51}},"33":{"start":{"line":82,"column":2},"end":{"line":82,"column":90}},"34":{"start":{"line":84,"column":2},"end":{"line":84,"column":53}}},"branchMap":{"1":{"line":14,"type":"if","locations":[{"start":{"line":14,"column":1},"end":{"line":14,"column":1}},{"start":{"line":14,"column":1},"end":{"line":14,"column":1}}]},"2":{"line":14,"type":"binary-expr","locations":[{"start":{"line":14,"column":5},"end":{"line":14,"column":18}},{"start":{"line":14,"column":22},"end":{"line":14,"column":79}}]},"3":{"line":27,"type":"if","locations":[{"start":{"line":27,"column":2},"end":{"line":27,"column":2}},{"start":{"line":27,"column":2},"end":{"line":27,"column":2}}]},"4":{"line":27,"type":"binary-expr","locations":[{"start":{"line":27,"column":6},"end":{"line":27,"column":22}},{"start":{"line":27,"column":26},"end":{"line":27,"column":42}}]},"5":{"line":43,"type":"cond-expr","locations":[{"start":{"line":43,"column":36},"end":{"line":43,"column":46}},{"start":{"line":43,"column":49},"end":{"line":43,"column":82}}]},"6":{"line":47,"type":"if","locations":[{"start":{"line":47,"column":2},"end":{"line":47,"column":2}},{"start":{"line":47,"column":2},"end":{"line":47,"column":2}}]},"7":{"line":69,"type":"binary-expr","locations":[{"start":{"line":69,"column":16},"end":{"line":69,"column":38}},{"start":{"line":69,"column":42},"end":{"line":69,"column":68}}]},"8":{"line":71,"type":"if","locations":[{"start":{"line":71,"column":2},"end":{"line":71,"column":2}},{"start":{"line":71,"column":2},"end":{"line":71,"column":2}}]},"9":{"line":73,"type":"cond-expr","locations":[{"start":{"line":73,"column":45},"end":{"line":73,"column":70}},{"start":{"line":73,"column":73},"end":{"line":73,"column":77}}]},"10":{"line":76,"type":"if","locations":[{"start":{"line":76,"column":2},"end":{"line":76,"column":2}},{"start":{"line":76,"column":2},"end":{"line":76,"column":2}}]},"11":{"line":82,"type":"cond-expr","locations":[{"start":{"line":82,"column":32},"end":{"line":82,"column":63}},{"start":{"line":82,"column":67},"end":{"line":82,"column":88}}]},"12":{"line":82,"type":"binary-expr","locations":[{"start":{"line":82,"column":67},"end":{"line":82,"column":82}},{"start":{"line":82,"column":86},"end":{"line":82,"column":88}}]},"13":{"line":93,"type":"cond-expr","locations":[{"start":{"line":93,"column":30},"end":{"line":93,"column":34}},{"start":{"line":93,"column":37},"end":{"line":93,"column":38}}]},"14":{"line":93,"type":"cond-expr","locations":[{"start":{"line":93,"column":74},"end":{"line":93,"column":78}},{"start":{"line":93,"column":81},"end":{"line":93,"column":89}}]}}}}