{"backbone.backroutes.js":{"path":"backbone.backroutes.js","s":{"1":1,"2":1,"3":2,"4":2,"5":1,"6":2,"7":2,"8":1,"9":2,"10":2,"11":2,"12":2,"13":0,"14":2,"15":3,"16":3,"17":6,"18":6,"19":3,"20":3,"21":3,"22":3,"23":0,"24":0,"25":0,"26":0,"27":0,"28":0,"29":0,"30":0,"31":0,"32":0,"33":0},"b":{"1":[1,1],"2":[2,1],"3":[2,0],"4":[2,1],"5":[0,6],"6":[3,0],"7":[0,0],"8":[0,0],"9":[0,0],"10":[0,0],"11":[0,0],"12":[0,0],"13":[0,1],"14":[0,1]},"f":{"1":1,"2":2,"3":2,"4":3,"5":6,"6":0},"fnMap":{"1":{"name":"(anonymous_1)","line":8,"loc":{"start":{"line":8,"column":1},"end":{"line":8,"column":23}}},"2":{"name":"(anonymous_2)","line":10,"loc":{"start":{"line":10,"column":21},"end":{"line":10,"column":41}}},"3":{"name":"(anonymous_3)","line":24,"loc":{"start":{"line":24,"column":11},"end":{"line":24,"column":39}}},"4":{"name":"(anonymous_4)","line":36,"loc":{"start":{"line":36,"column":10},"end":{"line":36,"column":21}}},"5":{"name":"(anonymous_5)","line":43,"loc":{"start":{"line":43,"column":27},"end":{"line":43,"column":45}}},"6":{"name":"(anonymous_6)","line":61,"loc":{"start":{"line":61,"column":25},"end":{"line":61,"column":67}}}},"statementMap":{"1":{"start":{"line":8,"column":0},"end":{"line":89,"column":91}},"2":{"start":{"line":10,"column":0},"end":{"line":20,"column":2}},"3":{"start":{"line":11,"column":1},"end":{"line":11,"column":60}},"4":{"start":{"line":14,"column":1},"end":{"line":16,"column":2}},"5":{"start":{"line":15,"column":2},"end":{"line":15,"column":57}},"6":{"start":{"line":18,"column":1},"end":{"line":18,"column":67}},"7":{"start":{"line":19,"column":1},"end":{"line":19,"column":68}},"8":{"start":{"line":22,"column":0},"end":{"line":87,"column":3}},"9":{"start":{"line":25,"column":2},"end":{"line":25,"column":47}},"10":{"start":{"line":26,"column":2},"end":{"line":26,"column":33}},"11":{"start":{"line":27,"column":2},"end":{"line":31,"column":3}},"12":{"start":{"line":28,"column":3},"end":{"line":28,"column":29}},"13":{"start":{"line":30,"column":3},"end":{"line":30,"column":70}},"14":{"start":{"line":32,"column":2},"end":{"line":32,"column":14}},"15":{"start":{"line":38,"column":2},"end":{"line":41,"column":41}},"16":{"start":{"line":43,"column":2},"end":{"line":46,"column":5}},"17":{"start":{"line":44,"column":3},"end":{"line":44,"column":83}},"18":{"start":{"line":45,"column":3},"end":{"line":45,"column":31}},"19":{"start":{"line":48,"column":2},"end":{"line":51,"column":3}},"20":{"start":{"line":49,"column":3},"end":{"line":49,"column":55}},"21":{"start":{"line":50,"column":3},"end":{"line":50,"column":22}},"22":{"start":{"line":53,"column":2},"end":{"line":58,"column":4}},"23":{"start":{"line":63,"column":2},"end":{"line":63,"column":61}},"24":{"start":{"line":65,"column":2},"end":{"line":65,"column":69}},"25":{"start":{"line":67,"column":2},"end":{"line":70,"column":3}},"26":{"start":{"line":68,"column":3},"end":{"line":68,"column":59}},"27":{"start":{"line":69,"column":3},"end":{"line":69,"column":79}},"28":{"start":{"line":72,"column":2},"end":{"line":75,"column":3}},"29":{"start":{"line":73,"column":3},"end":{"line":73,"column":18}},"30":{"start":{"line":74,"column":3},"end":{"line":74,"column":10}},"31":{"start":{"line":77,"column":2},"end":{"line":77,"column":51}},"32":{"start":{"line":78,"column":2},"end":{"line":78,"column":90}},"33":{"start":{"line":80,"column":2},"end":{"line":80,"column":53}}},"branchMap":{"1":{"line":14,"type":"if","locations":[{"start":{"line":14,"column":1},"end":{"line":14,"column":1}},{"start":{"line":14,"column":1},"end":{"line":14,"column":1}}]},"2":{"line":14,"type":"binary-expr","locations":[{"start":{"line":14,"column":5},"end":{"line":14,"column":18}},{"start":{"line":14,"column":22},"end":{"line":14,"column":79}}]},"3":{"line":27,"type":"if","locations":[{"start":{"line":27,"column":2},"end":{"line":27,"column":2}},{"start":{"line":27,"column":2},"end":{"line":27,"column":2}}]},"4":{"line":27,"type":"binary-expr","locations":[{"start":{"line":27,"column":6},"end":{"line":27,"column":22}},{"start":{"line":27,"column":26},"end":{"line":27,"column":42}}]},"5":{"line":44,"type":"cond-expr","locations":[{"start":{"line":44,"column":36},"end":{"line":44,"column":46}},{"start":{"line":44,"column":49},"end":{"line":44,"column":82}}]},"6":{"line":48,"type":"if","locations":[{"start":{"line":48,"column":2},"end":{"line":48,"column":2}},{"start":{"line":48,"column":2},"end":{"line":48,"column":2}}]},"7":{"line":65,"type":"binary-expr","locations":[{"start":{"line":65,"column":16},"end":{"line":65,"column":38}},{"start":{"line":65,"column":42},"end":{"line":65,"column":68}}]},"8":{"line":67,"type":"if","locations":[{"start":{"line":67,"column":2},"end":{"line":67,"column":2}},{"start":{"line":67,"column":2},"end":{"line":67,"column":2}}]},"9":{"line":69,"type":"cond-expr","locations":[{"start":{"line":69,"column":45},"end":{"line":69,"column":70}},{"start":{"line":69,"column":73},"end":{"line":69,"column":77}}]},"10":{"line":72,"type":"if","locations":[{"start":{"line":72,"column":2},"end":{"line":72,"column":2}},{"start":{"line":72,"column":2},"end":{"line":72,"column":2}}]},"11":{"line":78,"type":"cond-expr","locations":[{"start":{"line":78,"column":32},"end":{"line":78,"column":63}},{"start":{"line":78,"column":67},"end":{"line":78,"column":88}}]},"12":{"line":78,"type":"binary-expr","locations":[{"start":{"line":78,"column":67},"end":{"line":78,"column":82}},{"start":{"line":78,"column":86},"end":{"line":78,"column":88}}]},"13":{"line":89,"type":"cond-expr","locations":[{"start":{"line":89,"column":30},"end":{"line":89,"column":34}},{"start":{"line":89,"column":37},"end":{"line":89,"column":38}}]},"14":{"line":89,"type":"cond-expr","locations":[{"start":{"line":89,"column":74},"end":{"line":89,"column":78}},{"start":{"line":89,"column":81},"end":{"line":89,"column":89}}]}}}}